11:14:41 **** Incremental Build of configuration Debug for project hust4880_lab09_Heap ****
Info: Internal Builder is used for build
gcc -O0 -g3 -Wall -c -fmessage-length=0 -o "src\\max_heap_int.o" "..\\src\\max_heap_int.c" 
..\src\max_heap_int.c: In function 'max_heap_initialize':
..\src\max_heap_int.c:49:43: warning: format '%d' expects argument of type 'int', but argument 2 has type 'long long unsigned int' [-Wformat=]
        printf("sizeof *source->values = [%d]      \n", (sizeof *source->values));
                                          ~^            ~~~~~~~~~~~~~~~~~~~~~~~~
                                          %I64d
..\src\max_heap_int.c:49:43: warning: format '%d' expects argument of type 'int', but argument 2 has type 'long long unsigned int' [-Wformat=]
        printf("sizeof *source->values = [%d]      \n", (sizeof *source->values));
                                          ~^            ~~~~~~~~~~~~~~~~~~~~~~~~
                                          %I64d
..\src\max_heap_int.c:50:43: warning: format '%d' expects argument of type 'int', but argument 2 has type 'long long unsigned int' [-Wformat=]
        printf("Size of Values array   = [%d] bytes\n", MAX_HEAP_SIZE * (sizeof *source->values));
                                          ~^
                                          %I64d
..\src\max_heap_int.c:50:43: warning: format '%d' expects argument of type 'int', but argument 2 has type 'long long unsigned int' [-Wformat=]
        printf("Size of Values array   = [%d] bytes\n", MAX_HEAP_SIZE * (sizeof *source->values));
                                          ~^
                                          %I64d
gcc -o hust4880_lab09_Heap.exe "src\\main_int.o" "src\\max_heap_int.o" 

11:14:43 Build Finished. 0 errors, 4 warnings. (took 1s.92ms)

